C:\USERS\HEAVENDUKE\DOCUMENTS\VISUAL STUDIO 2012\PROJECTS\PL-0COMPILER\PL-0COMPILER\DEBUG\MAIN.OBJ
C:\USERS\HEAVENDUKE\DOCUMENTS\VISUAL STUDIO 2012\PROJECTS\PL-0COMPILER\PL-0COMPILER\DEBUG\TOKENANALYZER.OBJ
C:\USERS\HEAVENDUKE\DOCUMENTS\VISUAL STUDIO 2012\PROJECTS\PL-0COMPILER\PL-0COMPILER\DEBUG\VC110.PDB
C:\USERS\HEAVENDUKE\DOCUMENTS\VISUAL STUDIO 2012\PROJECTS\PL-0COMPILER\PL-0COMPILER\DEBUG\ERRORCONTAINER.OBJ
C:\USERS\HEAVENDUKE\DOCUMENTS\VISUAL STUDIO 2012\PROJECTS\PL-0COMPILER\PL-0COMPILER\DEBUG\GRAMMARANALYZER.OBJ
C:\USERS\HEAVENDUKE\GIT\PL0CP\PL-0COMPILER\DEBUG\ERRORCONTAINER.OBJ
C:\USERS\HEAVENDUKE\GIT\PL0CP\PL-0COMPILER\DEBUG\GRAMMARANALYZER.OBJ
C:\USERS\HEAVENDUKE\GIT\PL0CP\PL-0COMPILER\DEBUG\MAIN.OBJ
C:\USERS\HEAVENDUKE\GIT\PL0CP\PL-0COMPILER\DEBUG\TOKENANALYZER.OBJ
C:\USERS\HEAVENDUKE\GIT\PL0CP\PL-0COMPILER\DEBUG\VC110.PDB
C:\USERS\HEAVENDUKE\GIT\PL0CP\PL-0COMPILER\DEBUG\PCODEGENERATOR.OBJ
C:\USERS\HEAVENDUKE\GIT\PL0CP\PL-0COMPILER\DEBUG\RUNTIMESTACK.OBJ
C:\USERS\HEAVENDUKE\GIT\PL0CP\PL-0COMPILER\DEBUG\SYMTABLE.OBJ
C:\USERS\HEAVENDUKE\DOCUMENTS\VISUAL STUDIO 2012\PROJECTS\PL-0COMPILER\DEBUG\PL-0COMPILER.ILK
C:\USERS\HEAVENDUKE\DOCUMENTS\VISUAL STUDIO 2012\PROJECTS\PL-0COMPILER\DEBUG\PL-0COMPILER.EXE
C:\USERS\HEAVENDUKE\DOCUMENTS\VISUAL STUDIO 2012\PROJECTS\PL-0COMPILER\DEBUG\PL-0COMPILER.PDB
C:\USERS\HEAVENDUKE\GIT\PL0CP\DEBUG\PL-0COMPILER.ILK
C:\USERS\HEAVENDUKE\GIT\PL0CP\DEBUG\PL-0COMPILER.EXE
C:\USERS\HEAVENDUKE\GIT\PL0CP\DEBUG\PL-0COMPILER.PDB
C:\Users\HeavenDuke\Git\PL0CP\PL-0Compiler\Debug\ErrorContainer.obj
C:\Users\HeavenDuke\Git\PL0CP\PL-0Compiler\Debug\GrammarAnalyzer.obj
C:\Users\HeavenDuke\Git\PL0CP\PL-0Compiler\Debug\Main.obj
C:\Users\HeavenDuke\Git\PL0CP\PL-0Compiler\Debug\MD5.obj
C:\Users\HeavenDuke\Git\PL0CP\PL-0Compiler\Debug\PCodeGenerator.obj
C:\Users\HeavenDuke\Git\PL0CP\PL-0Compiler\Debug\RuntimeStack.obj
C:\Users\HeavenDuke\Git\PL0CP\PL-0Compiler\Debug\SymTable.obj
C:\Users\HeavenDuke\Git\PL0CP\PL-0Compiler\Debug\TokenAnalyzer.obj
C:\Users\HeavenDuke\Git\PL0CP\PL-0Compiler\Debug\cl.command.1.tlog
C:\Users\HeavenDuke\Git\PL0CP\PL-0Compiler\Debug\CL.read.1.tlog
C:\Users\HeavenDuke\Git\PL0CP\PL-0Compiler\Debug\CL.write.1.tlog
C:\Users\HeavenDuke\Git\PL0CP\PL-0Compiler\Debug\link-cvtres.read.1.tlog
C:\Users\HeavenDuke\Git\PL0CP\PL-0Compiler\Debug\link-cvtres.write.1.tlog
C:\Users\HeavenDuke\Git\PL0CP\PL-0Compiler\Debug\link-rc.read.1.tlog
C:\Users\HeavenDuke\Git\PL0CP\PL-0Compiler\Debug\link-rc.write.1.tlog
C:\Users\HeavenDuke\Git\PL0CP\PL-0Compiler\Debug\link.10080-cvtres.read.1.tlog
C:\Users\HeavenDuke\Git\PL0CP\PL-0Compiler\Debug\link.10080-cvtres.write.1.tlog
C:\Users\HeavenDuke\Git\PL0CP\PL-0Compiler\Debug\link.10080-rc.read.1.tlog
C:\Users\HeavenDuke\Git\PL0CP\PL-0Compiler\Debug\link.10080-rc.write.1.tlog
C:\Users\HeavenDuke\Git\PL0CP\PL-0Compiler\Debug\link.10080.read.1.tlog
C:\Users\HeavenDuke\Git\PL0CP\PL-0Compiler\Debug\link.10080.write.1.tlog
C:\Users\HeavenDuke\Git\PL0CP\PL-0Compiler\Debug\link.10132-cvtres.read.1.tlog
C:\Users\HeavenDuke\Git\PL0CP\PL-0Compiler\Debug\link.10132-cvtres.write.1.tlog
C:\Users\HeavenDuke\Git\PL0CP\PL-0Compiler\Debug\link.10132-rc.read.1.tlog
C:\Users\HeavenDuke\Git\PL0CP\PL-0Compiler\Debug\link.10132-rc.write.1.tlog
C:\Users\HeavenDuke\Git\PL0CP\PL-0Compiler\Debug\link.10132.read.1.tlog
C:\Users\HeavenDuke\Git\PL0CP\PL-0Compiler\Debug\link.10132.write.1.tlog
C:\Users\HeavenDuke\Git\PL0CP\PL-0Compiler\Debug\link.1048-cvtres.read.1.tlog
C:\Users\HeavenDuke\Git\PL0CP\PL-0Compiler\Debug\link.1048-cvtres.write.1.tlog
C:\Users\HeavenDuke\Git\PL0CP\PL-0Compiler\Debug\link.1048-rc.read.1.tlog
C:\Users\HeavenDuke\Git\PL0CP\PL-0Compiler\Debug\link.1048-rc.write.1.tlog
C:\Users\HeavenDuke\Git\PL0CP\PL-0Compiler\Debug\link.1048.read.1.tlog
C:\Users\HeavenDuke\Git\PL0CP\PL-0Compiler\Debug\link.1048.write.1.tlog
C:\Users\HeavenDuke\Git\PL0CP\PL-0Compiler\Debug\link.1720-cvtres.read.1.tlog
C:\Users\HeavenDuke\Git\PL0CP\PL-0Compiler\Debug\link.1720-cvtres.write.1.tlog
C:\Users\HeavenDuke\Git\PL0CP\PL-0Compiler\Debug\link.1720-rc.read.1.tlog
C:\Users\HeavenDuke\Git\PL0CP\PL-0Compiler\Debug\link.1720-rc.write.1.tlog
C:\Users\HeavenDuke\Git\PL0CP\PL-0Compiler\Debug\link.1720.read.1.tlog
C:\Users\HeavenDuke\Git\PL0CP\PL-0Compiler\Debug\link.1720.write.1.tlog
C:\Users\HeavenDuke\Git\PL0CP\PL-0Compiler\Debug\link.3420-cvtres.read.1.tlog
C:\Users\HeavenDuke\Git\PL0CP\PL-0Compiler\Debug\link.3420-cvtres.write.1.tlog
C:\Users\HeavenDuke\Git\PL0CP\PL-0Compiler\Debug\link.3420-rc.read.1.tlog
C:\Users\HeavenDuke\Git\PL0CP\PL-0Compiler\Debug\link.3420-rc.write.1.tlog
C:\Users\HeavenDuke\Git\PL0CP\PL-0Compiler\Debug\link.3420.read.1.tlog
C:\Users\HeavenDuke\Git\PL0CP\PL-0Compiler\Debug\link.3420.write.1.tlog
C:\Users\HeavenDuke\Git\PL0CP\PL-0Compiler\Debug\link.3472-cvtres.read.1.tlog
C:\Users\HeavenDuke\Git\PL0CP\PL-0Compiler\Debug\link.3472-cvtres.write.1.tlog
C:\Users\HeavenDuke\Git\PL0CP\PL-0Compiler\Debug\link.3472-rc.read.1.tlog
C:\Users\HeavenDuke\Git\PL0CP\PL-0Compiler\Debug\link.3472-rc.write.1.tlog
C:\Users\HeavenDuke\Git\PL0CP\PL-0Compiler\Debug\link.3472.read.1.tlog
C:\Users\HeavenDuke\Git\PL0CP\PL-0Compiler\Debug\link.3472.write.1.tlog
C:\Users\HeavenDuke\Git\PL0CP\PL-0Compiler\Debug\link.3668-cvtres.read.1.tlog
C:\Users\HeavenDuke\Git\PL0CP\PL-0Compiler\Debug\link.3668-cvtres.write.1.tlog
C:\Users\HeavenDuke\Git\PL0CP\PL-0Compiler\Debug\link.3668-rc.read.1.tlog
C:\Users\HeavenDuke\Git\PL0CP\PL-0Compiler\Debug\link.3668-rc.write.1.tlog
C:\Users\HeavenDuke\Git\PL0CP\PL-0Compiler\Debug\link.3668.read.1.tlog
C:\Users\HeavenDuke\Git\PL0CP\PL-0Compiler\Debug\link.3668.write.1.tlog
C:\Users\HeavenDuke\Git\PL0CP\PL-0Compiler\Debug\link.3752-cvtres.read.1.tlog
C:\Users\HeavenDuke\Git\PL0CP\PL-0Compiler\Debug\link.3752-cvtres.write.1.tlog
C:\Users\HeavenDuke\Git\PL0CP\PL-0Compiler\Debug\link.3752-rc.read.1.tlog
C:\Users\HeavenDuke\Git\PL0CP\PL-0Compiler\Debug\link.3752-rc.write.1.tlog
C:\Users\HeavenDuke\Git\PL0CP\PL-0Compiler\Debug\link.3752.read.1.tlog
C:\Users\HeavenDuke\Git\PL0CP\PL-0Compiler\Debug\link.3752.write.1.tlog
C:\Users\HeavenDuke\Git\PL0CP\PL-0Compiler\Debug\link.4036-cvtres.read.1.tlog
C:\Users\HeavenDuke\Git\PL0CP\PL-0Compiler\Debug\link.4036-cvtres.write.1.tlog
C:\Users\HeavenDuke\Git\PL0CP\PL-0Compiler\Debug\link.4036-rc.read.1.tlog
C:\Users\HeavenDuke\Git\PL0CP\PL-0Compiler\Debug\link.4036-rc.write.1.tlog
C:\Users\HeavenDuke\Git\PL0CP\PL-0Compiler\Debug\link.4036.read.1.tlog
C:\Users\HeavenDuke\Git\PL0CP\PL-0Compiler\Debug\link.4036.write.1.tlog
C:\Users\HeavenDuke\Git\PL0CP\PL-0Compiler\Debug\link.4584-cvtres.read.1.tlog
C:\Users\HeavenDuke\Git\PL0CP\PL-0Compiler\Debug\link.4584-cvtres.write.1.tlog
C:\Users\HeavenDuke\Git\PL0CP\PL-0Compiler\Debug\link.4584-rc.read.1.tlog
C:\Users\HeavenDuke\Git\PL0CP\PL-0Compiler\Debug\link.4584-rc.write.1.tlog
C:\Users\HeavenDuke\Git\PL0CP\PL-0Compiler\Debug\link.4584.read.1.tlog
C:\Users\HeavenDuke\Git\PL0CP\PL-0Compiler\Debug\link.4584.write.1.tlog
C:\Users\HeavenDuke\Git\PL0CP\PL-0Compiler\Debug\link.7052-cvtres.read.1.tlog
C:\Users\HeavenDuke\Git\PL0CP\PL-0Compiler\Debug\link.7052-cvtres.write.1.tlog
C:\Users\HeavenDuke\Git\PL0CP\PL-0Compiler\Debug\link.7052-rc.read.1.tlog
C:\Users\HeavenDuke\Git\PL0CP\PL-0Compiler\Debug\link.7052-rc.write.1.tlog
C:\Users\HeavenDuke\Git\PL0CP\PL-0Compiler\Debug\link.7052.read.1.tlog
C:\Users\HeavenDuke\Git\PL0CP\PL-0Compiler\Debug\link.7052.write.1.tlog
C:\Users\HeavenDuke\Git\PL0CP\PL-0Compiler\Debug\link.7668-cvtres.read.1.tlog
C:\Users\HeavenDuke\Git\PL0CP\PL-0Compiler\Debug\link.7668-cvtres.write.1.tlog
C:\Users\HeavenDuke\Git\PL0CP\PL-0Compiler\Debug\link.7668-rc.read.1.tlog
C:\Users\HeavenDuke\Git\PL0CP\PL-0Compiler\Debug\link.7668-rc.write.1.tlog
C:\Users\HeavenDuke\Git\PL0CP\PL-0Compiler\Debug\link.7668.read.1.tlog
C:\Users\HeavenDuke\Git\PL0CP\PL-0Compiler\Debug\link.7668.write.1.tlog
C:\Users\HeavenDuke\Git\PL0CP\PL-0Compiler\Debug\link.8132-cvtres.read.1.tlog
C:\Users\HeavenDuke\Git\PL0CP\PL-0Compiler\Debug\link.8132-cvtres.write.1.tlog
C:\Users\HeavenDuke\Git\PL0CP\PL-0Compiler\Debug\link.8132-rc.read.1.tlog
C:\Users\HeavenDuke\Git\PL0CP\PL-0Compiler\Debug\link.8132-rc.write.1.tlog
C:\Users\HeavenDuke\Git\PL0CP\PL-0Compiler\Debug\link.8132.read.1.tlog
C:\Users\HeavenDuke\Git\PL0CP\PL-0Compiler\Debug\link.8132.write.1.tlog
C:\Users\HeavenDuke\Git\PL0CP\PL-0Compiler\Debug\link.8220-cvtres.read.1.tlog
C:\Users\HeavenDuke\Git\PL0CP\PL-0Compiler\Debug\link.8220-cvtres.write.1.tlog
C:\Users\HeavenDuke\Git\PL0CP\PL-0Compiler\Debug\link.8220-rc.read.1.tlog
C:\Users\HeavenDuke\Git\PL0CP\PL-0Compiler\Debug\link.8220-rc.write.1.tlog
C:\Users\HeavenDuke\Git\PL0CP\PL-0Compiler\Debug\link.8220.read.1.tlog
C:\Users\HeavenDuke\Git\PL0CP\PL-0Compiler\Debug\link.8220.write.1.tlog
C:\Users\HeavenDuke\Git\PL0CP\PL-0Compiler\Debug\link.8248-cvtres.read.1.tlog
C:\Users\HeavenDuke\Git\PL0CP\PL-0Compiler\Debug\link.8248-cvtres.write.1.tlog
C:\Users\HeavenDuke\Git\PL0CP\PL-0Compiler\Debug\link.8248-rc.read.1.tlog
C:\Users\HeavenDuke\Git\PL0CP\PL-0Compiler\Debug\link.8248-rc.write.1.tlog
C:\Users\HeavenDuke\Git\PL0CP\PL-0Compiler\Debug\link.8248.read.1.tlog
C:\Users\HeavenDuke\Git\PL0CP\PL-0Compiler\Debug\link.8248.write.1.tlog
C:\Users\HeavenDuke\Git\PL0CP\PL-0Compiler\Debug\link.8312-cvtres.read.1.tlog
C:\Users\HeavenDuke\Git\PL0CP\PL-0Compiler\Debug\link.8312-cvtres.write.1.tlog
C:\Users\HeavenDuke\Git\PL0CP\PL-0Compiler\Debug\link.8312-rc.read.1.tlog
C:\Users\HeavenDuke\Git\PL0CP\PL-0Compiler\Debug\link.8312-rc.write.1.tlog
C:\Users\HeavenDuke\Git\PL0CP\PL-0Compiler\Debug\link.8312.read.1.tlog
C:\Users\HeavenDuke\Git\PL0CP\PL-0Compiler\Debug\link.8312.write.1.tlog
C:\Users\HeavenDuke\Git\PL0CP\PL-0Compiler\Debug\link.8676-cvtres.read.1.tlog
C:\Users\HeavenDuke\Git\PL0CP\PL-0Compiler\Debug\link.8676-cvtres.write.1.tlog
C:\Users\HeavenDuke\Git\PL0CP\PL-0Compiler\Debug\link.8676-rc.read.1.tlog
C:\Users\HeavenDuke\Git\PL0CP\PL-0Compiler\Debug\link.8676-rc.write.1.tlog
C:\Users\HeavenDuke\Git\PL0CP\PL-0Compiler\Debug\link.8676.read.1.tlog
C:\Users\HeavenDuke\Git\PL0CP\PL-0Compiler\Debug\link.8676.write.1.tlog
C:\Users\HeavenDuke\Git\PL0CP\PL-0Compiler\Debug\link.8732-cvtres.read.1.tlog
C:\Users\HeavenDuke\Git\PL0CP\PL-0Compiler\Debug\link.8732-cvtres.write.1.tlog
C:\Users\HeavenDuke\Git\PL0CP\PL-0Compiler\Debug\link.8732-rc.read.1.tlog
C:\Users\HeavenDuke\Git\PL0CP\PL-0Compiler\Debug\link.8732-rc.write.1.tlog
C:\Users\HeavenDuke\Git\PL0CP\PL-0Compiler\Debug\link.8732.read.1.tlog
C:\Users\HeavenDuke\Git\PL0CP\PL-0Compiler\Debug\link.8732.write.1.tlog
C:\Users\HeavenDuke\Git\PL0CP\PL-0Compiler\Debug\link.8876-cvtres.read.1.tlog
C:\Users\HeavenDuke\Git\PL0CP\PL-0Compiler\Debug\link.8876-cvtres.write.1.tlog
C:\Users\HeavenDuke\Git\PL0CP\PL-0Compiler\Debug\link.8876-rc.read.1.tlog
C:\Users\HeavenDuke\Git\PL0CP\PL-0Compiler\Debug\link.8876-rc.write.1.tlog
C:\Users\HeavenDuke\Git\PL0CP\PL-0Compiler\Debug\link.8876.read.1.tlog
C:\Users\HeavenDuke\Git\PL0CP\PL-0Compiler\Debug\link.8876.write.1.tlog
C:\Users\HeavenDuke\Git\PL0CP\PL-0Compiler\Debug\link.9908-cvtres.read.1.tlog
C:\Users\HeavenDuke\Git\PL0CP\PL-0Compiler\Debug\link.9908-cvtres.write.1.tlog
C:\Users\HeavenDuke\Git\PL0CP\PL-0Compiler\Debug\link.9908-rc.read.1.tlog
C:\Users\HeavenDuke\Git\PL0CP\PL-0Compiler\Debug\link.9908-rc.write.1.tlog
C:\Users\HeavenDuke\Git\PL0CP\PL-0Compiler\Debug\link.9908.read.1.tlog
C:\Users\HeavenDuke\Git\PL0CP\PL-0Compiler\Debug\link.9908.write.1.tlog
C:\Users\HeavenDuke\Git\PL0CP\PL-0Compiler\Debug\link.command.1.tlog
C:\Users\HeavenDuke\Git\PL0CP\PL-0Compiler\Debug\link.read.1.tlog
C:\Users\HeavenDuke\Git\PL0CP\PL-0Compiler\Debug\link.write.1.tlog
C:\Users\HeavenDuke\Git\PL0CP\PL-0Compiler\Debug\vc110.idb
C:\Users\HeavenDuke\Git\PL0CP\PL-0Compiler\Debug\vc120.idb
C:\Users\HeavenDuke\Git\PL0CP\PL-0Compiler\Debug\vc110.pdb
C:\Users\HeavenDuke\Git\PL0CP\PL-0Compiler\Debug\vc120.pdb
C:\Users\HeavenDuke\Git\PL0CP\Debug\PL-0Compiler.pdb
